#
# A fatal error has been detected by the Java Runtime Environment:
#
#  EXCEPTION_ACCESS_VIOLATION (0xc0000005) at pc=0x000000005da78f19, pid=82572, tid=82196
#
# JRE version: 7.0_10-b18
# Java VM: Java HotSpot(TM) 64-Bit Server VM (23.6-b04 mixed mode windows-amd64 compressed oops)
# Problematic frame:
# V  [jvm.dll+0x38f19]
#
# Failed to write core dump. Minidumps are not enabled by default on client versions of Windows
#
# If you would like to submit a bug report, please visit:
#   http://bugreport.sun.com/bugreport/crash.jsp
#

---------------  T H R E A D  ---------------

Current thread (0x000000000b86e000):  JavaThread "JDWP Transport Listener: dt_socket" daemon [_thread_in_vm, id=82196, stack(0x000000000d5d0000,0x000000000d6d0000)]

siginfo: ExceptionCode=0xc0000005, reading address 0x000000000000000c

Registers:
RAX=0x000000000000000c, RBX=0x000000000b86e000, RCX=0x0000000000000003, RDX=0x0000000000000000
RSP=0x000000000d6cf040, RBP=0x000000000000000c, RSI=0x0000000000000000, RDI=0x0000000000000010
R8 =0x00000007d5668a90, R9 =0x0000000000000000, R10=0x0000000000000000, R11=0x0000000000000001
R12=0x0000000000000000, R13=0x0000000000000000, R14=0x0000000000000000, R15=0x0000000000000000
RIP=0x000000005da78f19, EFLAGS=0x0000000000010246

Top of Stack: (sp=0x000000000d6cf040)
0x000000000d6cf040:   000000000b86e000 0000000000000000
0x000000000d6cf050:   0000000000000000 000000000b86e000
0x000000000d6cf060:   0000000000000000 000000005db376b4
0x000000000d6cf070:   00000007d5668a90 000000000d6cf190
0x000000000d6cf080:   000000000b87ebd0 000000000d6cf160
0x000000000d6cf090:   000000000b86e000 0000000000000000
0x000000000d6cf0a0:   000000000b87ebd0 000000000d6cf190
0x000000000d6cf0b0:   0000000000000000 0000000000000000
0x000000000d6cf0c0:   000000000b86e1d8 000000006bc27d15
0x000000000d6cf0d0:   000000000d6cf160 000000000d6cf190
0x000000000d6cf0e0:   000000000b87ebd0 000000000b86e1d8
0x000000000d6cf0f0:   000000000b8b410a 000000006bc2f09c
0x000000000d6cf100:   000000005d010a01 000000000d6cf200
0x000000000d6cf110:   000000000b85fe01 000000000b85fe01
0x000000000d6cf120:   0000166a00000013 000000005d010a00
0x000000000d6cf130:   00000000022ac7c0 0000000000000000 

Instructions: (pc=0x000000005da78f19)
0x000000005da78ef9:   d2 48 8b c5 eb 18 48 8b d0 48 8b c5 48 d3 e2 48
0x000000005da78f09:   03 15 01 16 62 00 eb 06 48 8b 12 48 8b c7 48 98
0x000000005da78f19:   8b 14 10 85 d2 74 2a 45 84 db 4c 63 c6 48 0f 45
0x000000005da78f29:   fd 8d 47 0b 48 63 c8 48 83 e1 f8 48 c1 e9 03 8d 


Register to memory mapping:

RAX=0x000000000000000c is an unknown value
RBX=0x000000000b86e000 is a thread
RCX=0x0000000000000003 is an unknown value
RDX=0x0000000000000000 is an unknown value
RSP=0x000000000d6cf040 is pointing into the stack for thread: 0x000000000b86e000
RBP=0x000000000000000c is an unknown value
RSI=0x0000000000000000 is an unknown value
RDI=0x0000000000000010 is an unknown value
R8 =0x00000007d5668a90 is an oop
java.lang.String 
 - klass: 'java/lang/String'
R9 =0x0000000000000000 is an unknown value
R10=0x0000000000000000 is an unknown value
R11=0x0000000000000001 is an unknown value
R12=0x0000000000000000 is an unknown value
R13=0x0000000000000000 is an unknown value
R14=0x0000000000000000 is an unknown value
R15=0x0000000000000000 is an unknown value


Stack: [0x000000000d5d0000,0x000000000d6d0000],  sp=0x000000000d6cf040,  free space=1020k
Native frames: (J=compiled Java code, j=interpreted, Vv=VM code, C=native code)
V  [jvm.dll+0x38f19]


---------------  P R O C E S S  ---------------

Java Threads: ( => current thread )
  0x000000000b890000 JavaThread "Service Thread" daemon [_thread_blocked, id=82768, stack(0x000000000dd10000,0x000000000de10000)]
  0x000000000b88f000 JavaThread "C2 CompilerThread1" daemon [_thread_blocked, id=82596, stack(0x000000000daf0000,0x000000000dbf0000)]
  0x000000000b889800 JavaThread "C2 CompilerThread0" daemon [_thread_blocked, id=82392, stack(0x000000000ca90000,0x000000000cb90000)]
  0x000000000b87d000 JavaThread "JDWP Command Reader" daemon [_thread_in_native, id=78996, stack(0x000000000d9d0000,0x000000000dad0000)]
  0x000000000b87b800 JavaThread "JDWP Event Helper Thread" daemon [_thread_blocked, id=82092, stack(0x000000000d850000,0x000000000d950000)]
=>0x000000000b86e000 JavaThread "JDWP Transport Listener: dt_socket" daemon [_thread_in_vm, id=82196, stack(0x000000000d5d0000,0x000000000d6d0000)]
  0x000000000b868000 JavaThread "Attach Listener" daemon [_thread_blocked, id=83632, stack(0x000000000c800000,0x000000000c900000)]
  0x000000000b85e800 JavaThread "Signal Dispatcher" daemon [_thread_blocked, id=68900, stack(0x000000000ce50000,0x000000000cf50000)]
  0x0000000002368000 JavaThread "Finalizer" daemon [_thread_blocked, id=83900, stack(0x000000000cd50000,0x000000000ce50000)]
  0x0000000002361800 JavaThread "Reference Handler" daemon [_thread_blocked, id=83320, stack(0x000000000cb90000,0x000000000cc90000)]
  0x000000000226d000 JavaThread "main" [_thread_blocked, id=83540, stack(0x0000000002430000,0x0000000002530000)]

Other Threads:
  0x000000000b7e2000 VMThread [stack: 0x000000000c940000,0x000000000ca40000] [id=83784]
  0x000000000b8a8800 WatcherThread [stack: 0x000000000de90000,0x000000000df90000] [id=81056]

VM state:not at safepoint (normal execution)

VM Mutex/Monitor currently owned by a thread: None

Heap
 PSYoungGen      total 38208K, used 1310K [0x00000007d5600000, 0x00000007d80a0000, 0x0000000800000000)
  eden space 32768K, 4% used [0x00000007d5600000,0x00000007d5747b68,0x00000007d7600000)
  from space 5440K, 0% used [0x00000007d7b50000,0x00000007d7b50000,0x00000007d80a0000)
  to   space 5440K, 0% used [0x00000007d7600000,0x00000007d7600000,0x00000007d7b50000)
 ParOldGen       total 87296K, used 0K [0x0000000780200000, 0x0000000785740000, 0x00000007d5600000)
  object space 87296K, 0% used [0x0000000780200000,0x0000000780200000,0x0000000785740000)
 PSPermGen       total 21248K, used 2495K [0x000000077b000000, 0x000000077c4c0000, 0x0000000780200000)
  object space 21248K, 11% used [0x000000077b000000,0x000000077b26fd78,0x000000077c4c0000)

Card table byte_map: [0x0000000005530000,0x0000000005960000] byte_map_base: 0x0000000001958000

Polling page: 0x0000000000320000

Code Cache  [0x0000000002530000, 0x00000000027a0000, 0x0000000005530000)
 total_blobs=159 nmethods=0 adapters=134 free_code_cache=48776Kb largest_free_block=49946944

Compilation events (0 events):
No events

GC Heap History (0 events):
No events

Deoptimization events (0 events):
No events

Internal exceptions (9 events):
Event: 0.022 Thread 0x000000000226d000 Threw 0x00000007d56061a8 at C:\jdk7u2_64p\jdk7u10\hotspot\src\share\vm\prims\jni.cpp:3994
Event: 0.112 Thread 0x000000000226d000 Threw 0x00000007d564b680 at C:\jdk7u2_64p\jdk7u10\hotspot\src\share\vm\prims\jvm.cpp:1166
Event: 4.170 Thread 0x000000000226d000 Threw 0x00000007d5659f48 at C:\jdk7u2_64p\jdk7u10\hotspot\src\share\vm\prims\jvm.cpp:1166
Event: 4.170 Thread 0x000000000226d000 Threw 0x00000007d565d2c0 at C:\jdk7u2_64p\jdk7u10\hotspot\src\share\vm\prims\jvm.cpp:1166
Event: 4.171 Thread 0x000000000226d000 Threw 0x00000007d5660c10 at C:\jdk7u2_64p\jdk7u10\hotspot\src\share\vm\prims\jvm.cpp:1166
Event: 4.179 Thread 0x000000000226d000 Threw 0x00000007d5661d50 at C:\jdk7u2_64p\jdk7u10\hotspot\src\share\vm\prims\jvm.cpp:1166
Event: 4.180 Thread 0x000000000226d000 Threw 0x00000007d5663fa0 at C:\jdk7u2_64p\jdk7u10\hotspot\src\share\vm\prims\jvm.cpp:1166
Event: 4.181 Thread 0x000000000226d000 Threw 0x00000007d5665bb8 at C:\jdk7u2_64p\jdk7u10\hotspot\src\share\vm\prims\jvm.cpp:1166
Event: 4.181 Thread 0x000000000226d000 Threw 0x00000007d56670c0 at C:\jdk7u2_64p\jdk7u10\hotspot\src\share\vm\prims\jvm.cpp:1166

Events (10 events):
Event: 21.785 Executing VM operation: ChangeSingleStep
Event: 21.785 Executing VM operation: ChangeSingleStep done
Event: 21.786 Executing VM operation: ChangeSingleStep
Event: 21.786 Executing VM operation: ChangeSingleStep done
Event: 21.793 Executing VM operation: GetOrSetLocal
Event: 21.793 Executing VM operation: GetOrSetLocal done
Event: 21.797 Executing VM operation: GetOrSetLocal
Event: 21.797 Executing VM operation: GetOrSetLocal done
Event: 22.185 Executing VM operation: GetOrSetLocal
Event: 22.185 Executing VM operation: GetOrSetLocal done


Dynamic libraries:
0x000000013f840000 - 0x000000013f873000 	E:\Programs\Java\jre7\bin\javaw.exe
0x00000000776a0000 - 0x0000000077849000 	C:\Windows\SYSTEM32\ntdll.dll
0x0000000077580000 - 0x000000007769f000 	C:\Windows\system32\kernel32.dll
0x000007fefd950000 - 0x000007fefd9bb000 	C:\Windows\system32\KERNELBASE.dll
0x000007fefea50000 - 0x000007fefeb2b000 	C:\Windows\system32\ADVAPI32.dll
0x000007fefe2b0000 - 0x000007fefe34f000 	C:\Windows\system32\msvcrt.dll
0x000007fefdf40000 - 0x000007fefdf5f000 	C:\Windows\SYSTEM32\sechost.dll
0x000007fefdaf0000 - 0x000007fefdc1d000 	C:\Windows\system32\RPCRT4.dll
0x0000000077480000 - 0x000000007757a000 	C:\Windows\system32\USER32.dll
0x000007fefde80000 - 0x000007fefdee7000 	C:\Windows\system32\GDI32.dll
0x000007feff9a0000 - 0x000007feff9ae000 	C:\Windows\system32\LPK.dll
0x000007fefe180000 - 0x000007fefe249000 	C:\Windows\system32\USP10.dll
0x000007fefb0c0000 - 0x000007fefb2b4000 	C:\Windows\WinSxS\amd64_microsoft.windows.common-controls_6595b64144ccf1df_6.0.7601.17514_none_fa396087175ac9ac\COMCTL32.dll
0x000007fefe580000 - 0x000007fefe5f1000 	C:\Windows\system32\SHLWAPI.dll
0x000007fefe600000 - 0x000007fefe62e000 	C:\Windows\system32\IMM32.DLL
0x000007fefe470000 - 0x000007fefe579000 	C:\Windows\system32\MSCTF.dll
0x0000000060560000 - 0x0000000060631000 	E:\Programs\Java\jre7\jre\bin\msvcr100.dll
0x000000005da40000 - 0x000000005e15f000 	E:\Programs\Java\jre7\jre\bin\server\jvm.dll
0x000007fef4910000 - 0x000007fef4919000 	C:\Windows\system32\WSOCK32.dll
0x000007fefdef0000 - 0x000007fefdf3d000 	C:\Windows\system32\WS2_32.dll
0x000007fefdf60000 - 0x000007fefdf68000 	C:\Windows\system32\NSI.dll
0x000007fef9330000 - 0x000007fef936b000 	C:\Windows\system32\WINMM.dll
0x0000000077860000 - 0x0000000077867000 	C:\Windows\system32\PSAPI.DLL
0x0000000073290000 - 0x000000007329f000 	E:\Programs\Java\jre7\jre\bin\verify.dll
0x000000006bda0000 - 0x000000006bdc8000 	E:\Programs\Java\jre7\jre\bin\java.dll
0x000000006bc20000 - 0x000000006bc55000 	E:\Programs\Java\jre7\jre\bin\jdwp.dll
0x000000006e460000 - 0x000000006e468000 	E:\Programs\Java\jre7\jre\bin\npt.dll
0x000000006d790000 - 0x000000006d7a5000 	E:\Programs\Java\jre7\jre\bin\zip.dll
0x000000006e3b0000 - 0x000000006e3b9000 	E:\Programs\Java\jre7\jre\bin\dt_socket.dll
0x000007fefb4c0000 - 0x000007fefb4d5000 	C:\Windows\system32\NLAapi.dll
0x000007fef93d0000 - 0x000007fef93e5000 	C:\Windows\system32\napinsp.dll
0x000007fef90c0000 - 0x000007fef90d9000 	C:\Windows\system32\pnrpnsp.dll
0x000007fefce60000 - 0x000007fefceb5000 	C:\Windows\System32\mswsock.dll
0x000007fefcce0000 - 0x000007fefcd3b000 	C:\Windows\system32\DNSAPI.dll
0x000007fef9520000 - 0x000007fef952b000 	C:\Windows\System32\winrnr.dll
0x000007fefb040000 - 0x000007fefb067000 	C:\Windows\system32\IPHLPAPI.DLL
0x000007fefb030000 - 0x000007fefb03b000 	C:\Windows\system32\WINNSI.DLL
0x000007fefaec0000 - 0x000007fefaf13000 	C:\Windows\System32\fwpuclnt.dll
0x000007fef8a10000 - 0x000007fef8a18000 	C:\Windows\system32\rasadhlp.dll
0x000007fefc820000 - 0x000007fefc827000 	C:\Windows\System32\wshtcpip.dll
0x000007fef4940000 - 0x000007fef4a65000 	C:\Windows\system32\dbghelp.dll

VM Arguments:
jvm_args: -agentlib:jdwp=transport=dt_socket,suspend=y,address=localhost:25238 -Dfile.encoding=Cp1252 
java_command: pa2.Project
Launcher Type: SUN_STANDARD

Environment Variables:
CLASSPATH=.;C:\Program Files (x86)\Java\jre7\lib\ext\QTJava.zip
PATH=E:\Programs\Java\jre7\jre\bin;C:\Program Files (x86)\NVIDIA Corporation\PhysX\Common;C:\Program Files (x86)\AMD APP\bin\x86_64;C:\Program Files (x86)\AMD APP\bin\x86;C:\Program Files (x86)\Haskell\bin;E:\Software\Haskell Platform\2012.4.0.0\lib\extralibs\bin;E:\Software\Haskell Platform\2012.4.0.0\bin;C:\Windows\system32;C:\Windows;C:\Windows\System32\Wbem;C:\Windows\System32\WindowsPowerShell\v1.0\;C:\Program Files (x86)\ATI Technologies\ATI.ACE\Core-Static;E:\Software\Haskell Platform\2012.4.0.0\mingw\bin;C:\Program Files (x86)\Microsoft SQL Server\100\Tools\Binn\;C:\Program Files\Microsoft SQL Server\100\Tools\Binn\;C:\Program Files\Microsoft SQL Server\100\DTS\Binn\;E:\Software\TortoiseSVN\bin;C:\Program Files (x86)\QuickTime\QTSystem\;C:\Users\John\AppData\Roaming\cabal\bin
USERNAME=John
OS=Windows_NT
PROCESSOR_IDENTIFIER=Intel64 Family 6 Model 30 Stepping 5, GenuineIntel



---------------  S Y S T E M  ---------------

OS: Windows 7 , 64 bit Build 7601 Service Pack 1

CPU:total 4 (4 cores per cpu, 1 threads per core) family 6 model 30 stepping 5, cmov, cx8, fxsr, mmx, sse, sse2, sse3, ssse3, sse4.1, sse4.2, popcnt, tsc, tscinvbit

Memory: 4k page, physical 8379448k(5280860k free), swap 16757040k(12031732k free)

vm_info: Java HotSpot(TM) 64-Bit Server VM (23.6-b04) for windows-amd64 JRE (1.7.0_10-b18), built on Nov 28 2012 05:00:40 by "java_re" with unknown MS VC++:1600

time: Wed Mar 13 21:45:31 2013
elapsed time: 22 seconds

